<?xml version="1.0" encoding="UTF-8"?>
<!-- Generated by org.testng.reporters.JUnitReportReporter -->
<testsuite hostname="DESKTOP-D6DO249" failures="0" tests="3" name="priorites.P1" time="5.932" errors="0" timestamp="2022-07-03T17:00:06 EDT" skipped="0">
  <testcase classname="priorites.P1" name="login" time="2.580"/>
  <system-out/>
  <testcase classname="priorites.P1" name="getTiltle" time="1.798"/>
  <system-out/>
  <testcase classname="priorites.P1" name="getLogo" time="1.554"/>
  <system-out/>
</testsuite> <!-- priorites.P1 -->
