<?xml version="1.0" encoding="UTF-8"?>
<!-- Generated by org.testng.reporters.JUnitReportReporter -->
<testsuite hostname="DESKTOP-D6DO249" failures="0" tests="3" name="priorites.P2" time="5.842" errors="0" timestamp="2022-07-03T17:00:06 EDT" skipped="0">
  <testcase classname="priorites.P2" name="login" time="2.279"/>
  <system-out/>
  <testcase classname="priorites.P2" name="getTiltle" time="1.788"/>
  <system-out/>
  <testcase classname="priorites.P2" name="getLogo" time="1.775"/>
  <system-out/>
</testsuite> <!-- priorites.P2 -->
